<?xml version="1.0" encoding="UTF-8"?>
<!--
  #%L
  Course Signup Implementation
  %%
  Copyright (C) 2010 - 2013 University of Oxford
  %%
  Licensed under the Educational Community License, Version 2.0 (the "License");
  you may not use this file except in compliance with the License.
  You may obtain a copy of the License at
  
              http://opensource.org/licenses/ecl2
  
  Unless required by applicable law or agreed to in writing, software
  distributed under the License is distributed on an "AS IS" BASIS,
  WITHOUT WARRANTIES OR CONDITIONS OF ANY KIND, either express or implied.
  See the License for the specific language governing permissions and
  limitations under the License.
  #L%
  -->

<!DOCTYPE beans PUBLIC "-//SPRING//DTD BEAN//EN" "http://www.springframework.org/dtd/spring-beans.dtd">
<!-- This just sets up an in-memory database and a hibernate session factory using that database.
     This is mainly useful when you want to test the DAO -->
<beans>

    <!-- H2 in-memory datasource -->
    <bean id="dataSource" class="org.apache.commons.dbcp.BasicDataSource"
          destroy-method="close">
        <property name="driverClassName" value="org.h2.Driver" />
        <property name="url" value="jdbc:h2:mem:" />
    </bean>

    <bean id="org.sakaiproject.springframework.orm.hibernate.GlobalSessionFactory" name="sessionFactory"
          class="org.springframework.orm.hibernate3.LocalSessionFactoryBean">
        <property name="dataSource" ref="dataSource" />
        <property name="mappingResources">
            <list>
                <value>/uk/ac/ox/oucs/vle/Course.hbm.xml</value>
            </list>
        </property>
        <property name="hibernateProperties">
            <value>
                hibernate.dialect=org.hibernate.dialect.H2Dialect
                hibernate.show_sql=true
                hibernate.use_sql_comments=true
                hibernate.hbm2ddl.auto=create
            </value>
        </property>
    </bean>

    <bean id="org.sakaiproject.springframework.orm.hibernate.GlobalTransactionManager"
          name="transactionManager"
          class="org.springframework.orm.hibernate3.HibernateTransactionManager">
        <property name="sessionFactory">
            <ref bean="org.sakaiproject.springframework.orm.hibernate.GlobalSessionFactory" />
        </property>
    </bean>

    <bean name="uk.ac.ox.oucs.vle.SakaiProxy" class="uk.ac.ox.oucs.vle.proxy.SakaiProxyTest" >
    </bean>

    <bean name="uk.ac.ox.oucs.vle.NowService" class="uk.ac.ox.oucs.vle.SettableNowService"/>

</beans>

